This file contains any messages produced by compilers while
running configure, to aid debugging if configure makes a mistake.

It was created by configure, which was
generated by GNU Autoconf 2.67.  Invocation command line was

  $ ./configure 

## --------- ##
## Platform. ##
## --------- ##

hostname = serveur
uname -m = i686
uname -r = 2.6.35-24-generic-pae
uname -s = Linux
uname -v = #42-Ubuntu SMP Thu Dec 2 03:21:31 UTC 2010

/usr/bin/uname -p = unknown
/bin/uname -X     = unknown

/bin/arch              = unknown
/usr/bin/arch -k       = unknown
/usr/convex/getsysinfo = unknown
/usr/bin/hostinfo      = unknown
/bin/machine           = unknown
/usr/bin/oslevel       = unknown
/bin/universe          = unknown

PATH: /usr/local/sbin
PATH: /usr/local/bin
PATH: /usr/sbin
PATH: /usr/bin
PATH: /sbin
PATH: /bin
PATH: /usr/games


## ----------- ##
## Core tests. ##
## ----------- ##

configure:2185: checking for grep that handles long lines and -e
configure:2243: result: /bin/grep
configure:2248: checking for egrep
configure:2310: result: /bin/grep -E
configure:2315: checking for a sed that does not truncate output
configure:2379: result: /bin/sed
configure:2513: checking for cc
configure:2529: found /usr/bin/cc
configure:2540: result: cc
configure:2571: checking for C compiler version
configure:2580: cc --version >&5
cc (Ubuntu/Linaro 4.4.4-14ubuntu5) 4.4.5
Copyright (C) 2010 Free Software Foundation, Inc.
This is free software; see the source for copying conditions.  There is NO
warranty; not even for MERCHANTABILITY or FITNESS FOR A PARTICULAR PURPOSE.

configure:2591: $? = 0
configure:2580: cc -v >&5
Using built-in specs.
Target: i686-linux-gnu
Configured with: ../src/configure -v --with-pkgversion='Ubuntu/Linaro 4.4.4-14ubuntu5' --with-bugurl=file:///usr/share/doc/gcc-4.4/README.Bugs --enable-languages=c,c++,fortran,objc,obj-c++ --prefix=/usr --program-suffix=-4.4 --enable-shared --enable-multiarch --enable-linker-build-id --with-system-zlib --libexecdir=/usr/lib --without-included-gettext --enable-threads=posix --with-gxx-include-dir=/usr/include/c++/4.4 --libdir=/usr/lib --enable-nls --with-sysroot=/ --enable-clocale=gnu --enable-libstdcxx-debug --enable-objc-gc --enable-targets=all --disable-werror --with-arch-32=i686 --with-tune=generic --enable-checking=release --build=i686-linux-gnu --host=i686-linux-gnu --target=i686-linux-gnu
Thread model: posix
gcc version 4.4.5 (Ubuntu/Linaro 4.4.4-14ubuntu5) 
configure:2591: $? = 0
configure:2580: cc -V >&5
cc: '-V' option must have argument
configure:2591: $? = 1
configure:2580: cc -qversion >&5
cc: unrecognized option '-qversion'
cc: no input files
configure:2591: $? = 1
configure:2611: checking whether the C compiler works
configure:2633: cc    conftest.c  >&5
configure:2637: $? = 0
configure:2685: result: yes
configure:2688: checking for C compiler default output file name
configure:2690: result: a.out
configure:2696: checking for suffix of executables
configure:2703: cc -o conftest    conftest.c  >&5
configure:2707: $? = 0
configure:2729: result: 
configure:2751: checking whether we are cross compiling
configure:2759: cc -o conftest    conftest.c  >&5
configure:2763: $? = 0
configure:2770: ./conftest
configure:2774: $? = 0
configure:2789: result: no
configure:2794: checking for suffix of object files
configure:2816: cc -c   conftest.c >&5
configure:2820: $? = 0
configure:2841: result: o
configure:2845: checking whether we are using the GNU C compiler
configure:2864: cc -c   conftest.c >&5
configure:2864: $? = 0
configure:2873: result: yes
configure:2882: checking whether cc accepts -g
configure:2902: cc -c -g  conftest.c >&5
configure:2902: $? = 0
configure:2943: result: yes
configure:2960: checking for cc option to accept ISO C89
configure:3024: cc  -c -g -O2  conftest.c >&5
configure:3024: $? = 0
configure:3037: result: none needed
configure:3063: checking how to run the C preprocessor
configure:3094: cc -E  conftest.c
configure:3094: $? = 0
configure:3108: cc -E  conftest.c
conftest.c:9: fatal error: ac_nonexistent.h: No such file or directory
compilation terminated.
configure:3108: $? = 1
configure: failed program was:
| /* confdefs.h */
| #define PACKAGE_NAME ""
| #define PACKAGE_TARNAME ""
| #define PACKAGE_VERSION ""
| #define PACKAGE_STRING ""
| #define PACKAGE_BUGREPORT ""
| #define PACKAGE_URL ""
| /* end confdefs.h.  */
| #include <ac_nonexistent.h>
configure:3133: result: cc -E
configure:3153: cc -E  conftest.c
configure:3153: $? = 0
configure:3167: cc -E  conftest.c
conftest.c:9: fatal error: ac_nonexistent.h: No such file or directory
compilation terminated.
configure:3167: $? = 1
configure: failed program was:
| /* confdefs.h */
| #define PACKAGE_NAME ""
| #define PACKAGE_TARNAME ""
| #define PACKAGE_VERSION ""
| #define PACKAGE_STRING ""
| #define PACKAGE_BUGREPORT ""
| #define PACKAGE_URL ""
| /* end confdefs.h.  */
| #include <ac_nonexistent.h>
configure:3198: checking for icc
configure:3207: result: no
configure:3221: checking for suncc
configure:3230: result: no
configure:3248: checking whether cc understands -c and -o together
configure:3276: cc -c conftest.c -o conftest2.o >&5
configure:3280: $? = 0
configure:3286: cc -c conftest.c -o conftest2.o >&5
configure:3290: $? = 0
configure:3345: result: yes
configure:3359: checking for system library directory
configure:3377: result: lib
configure:3384: checking if compiler supports -R
configure:3403: cc -o conftest -g -O2   conftest.c -R /usr/lib  >&5
cc: unrecognized option '-R'
/usr/bin/ld: cannot find /usr/lib: File format not recognized
collect2: ld returned 1 exit status
configure:3403: $? = 1
configure: failed program was:
| /* confdefs.h */
| #define PACKAGE_NAME ""
| #define PACKAGE_TARNAME ""
| #define PACKAGE_VERSION ""
| #define PACKAGE_STRING ""
| #define PACKAGE_BUGREPORT ""
| #define PACKAGE_URL ""
| /* end confdefs.h.  */
| 
| int
| main ()
| {
| 
|   ;
|   return 0;
| }
configure:3413: result: no
configure:3418: checking if compiler supports -Wl,-rpath,
configure:3437: cc -o conftest -g -O2   conftest.c -Wl,-rpath,/usr/lib  >&5
configure:3437: $? = 0
configure:3447: result: yes
configure:3492: checking build system type
configure:3506: result: i686-pc-linux-gnu
configure:3526: checking host system type
configure:3539: result: i686-pc-linux-gnu
configure:3559: checking target system type
configure:3572: result: i686-pc-linux-gnu
configure:3678: checking for PHP prefix
configure:3680: result: /usr
configure:3682: checking for PHP includes
configure:3684: result: -I/usr/include/php5 -I/usr/include/php5/main -I/usr/include/php5/TSRM -I/usr/include/php5/Zend -I/usr/include/php5/ext -I/usr/include/php5/ext/date/lib -D_LARGEFILE_SOURCE -D_FILE_OFFSET_BITS=64
configure:3686: checking for PHP extension directory
configure:3688: result: /usr/lib/php5/20090626+lfs
configure:3690: checking for PHP installed headers prefix
configure:3692: result: /usr/include/php5
configure:3695: checking if debug is enabled
configure:3721: result: no
configure:3724: checking if zts is enabled
configure:3750: result: no
configure:3824: checking for re2c
configure:3840: found /usr/bin/re2c
configure:3851: result: re2c
configure:3860: checking for re2c version
configure:3874: result: 0.13.5 (ok)
configure:3893: checking for gawk
configure:3924: result: no
configure:3893: checking for nawk
configure:3910: found /usr/bin/nawk
configure:3921: result: nawk
configure:3944: checking if nawk is broken
configure:3951: result: no
configure:3965: checking for embedded Python support
configure:4008: result: yes, shared
configure:4019: checking for python-config
configure:4037: found /usr/bin/python-config
configure:4049: result: /usr/bin/python-config
configure:4106: checking for Python includes
configure:4109: result: -I/usr/include/python2.6 -I/usr/include/python2.6
configure:4112: checking for Python libraries
configure:4115: result: -L/usr/lib/python2.6/config -lpthread -ldl -lutil -lm -lpython2.6
configure:4118: checking for pthread_create in -lpthread
configure:4143: cc -o conftest -g -O2   conftest.c -lpthread   >&5
configure:4143: $? = 0
configure:4152: result: yes
configure:4160: checking for dlopen in -ldl
configure:4185: cc -o conftest -g -O2   conftest.c -ldl   >&5
configure:4185: $? = 0
configure:4194: result: yes
configure:4203: checking consistency of Python build environment
configure:4228: cc -o conftest  -I/usr/include/python2.6 -I/usr/include/python2.6   -ldl -lpthread -L/usr/lib/python2.6/config -lpthread -ldl -lutil -lm -lpython2.6 conftest.c  >&5
configure:4228: $? = 0
configure:4236: result: yes
configure:4724: checking for a sed that does not truncate output
configure:4788: result: /bin/sed
configure:4806: checking for fgrep
configure:4868: result: /bin/grep -F
configure:4903: checking for ld used by cc
configure:4970: result: /usr/bin/ld
configure:4977: checking if the linker (/usr/bin/ld) is GNU ld
configure:4992: result: yes
configure:5004: checking for BSD- or MS-compatible name lister (nm)
configure:5053: result: /usr/bin/nm -B
configure:5171: checking the name lister (/usr/bin/nm -B) interface
configure:5178: cc -c   conftest.c >&5
configure:5181: /usr/bin/nm -B "conftest.o"
configure:5184: output
00000000 B some_variable
configure:5191: result: BSD nm
configure:5194: checking whether ln -s works
configure:5198: result: yes
configure:5206: checking the maximum length of command line arguments
configure:5326: result: 1572864
configure:5343: checking whether the shell understands some XSI constructs
configure:5353: result: yes
configure:5357: checking whether the shell understands "+="
configure:5363: result: yes
configure:5398: checking for /usr/bin/ld option to reload object files
configure:5405: result: -r
configure:5474: checking for objdump
configure:5490: found /usr/bin/objdump
configure:5501: result: objdump
configure:5533: checking how to recognize dependent libraries
configure:5729: result: pass_all
configure:5789: checking for ar
configure:5805: found /usr/bin/ar
configure:5816: result: ar
configure:5894: checking for strip
configure:5910: found /usr/bin/strip
configure:5921: result: strip
configure:5993: checking for ranlib
configure:6009: found /usr/bin/ranlib
configure:6020: result: ranlib
configure:6110: checking command to parse /usr/bin/nm -B output from cc object
configure:6228: cc -c   conftest.c >&5
configure:6231: $? = 0
configure:6235: /usr/bin/nm -B conftest.o \| sed -n -e 's/^.*[	 ]\([ABCDGIRSTW][ABCDGIRSTW]*\)[	 ][	 ]*\([_A-Za-z][_A-Za-z0-9]*\)$/\1 \2 \2/p' \> conftest.nm
configure:6238: $? = 0
configure:6292: cc -o conftest    conftest.c conftstm.o >&5
configure:6295: $? = 0
configure:6333: result: ok
configure:7136: checking for ANSI C header files
configure:7156: cc -c   conftest.c >&5
configure:7156: $? = 0
configure:7229: cc -o conftest    conftest.c  >&5
configure:7229: $? = 0
configure:7229: ./conftest
configure:7229: $? = 0
configure:7240: result: yes
configure:7253: checking for sys/types.h
configure:7253: cc -c   conftest.c >&5
configure:7253: $? = 0
configure:7253: result: yes
configure:7253: checking for sys/stat.h
configure:7253: cc -c   conftest.c >&5
configure:7253: $? = 0
configure:7253: result: yes
configure:7253: checking for stdlib.h
configure:7253: cc -c   conftest.c >&5
configure:7253: $? = 0
configure:7253: result: yes
configure:7253: checking for string.h
configure:7253: cc -c   conftest.c >&5
configure:7253: $? = 0
configure:7253: result: yes
configure:7253: checking for memory.h
configure:7253: cc -c   conftest.c >&5
configure:7253: $? = 0
configure:7253: result: yes
configure:7253: checking for strings.h
configure:7253: cc -c   conftest.c >&5
configure:7253: $? = 0
configure:7253: result: yes
configure:7253: checking for inttypes.h
configure:7253: cc -c   conftest.c >&5
configure:7253: $? = 0
configure:7253: result: yes
configure:7253: checking for stdint.h
configure:7253: cc -c   conftest.c >&5
configure:7253: $? = 0
configure:7253: result: yes
configure:7253: checking for unistd.h
configure:7253: cc -c   conftest.c >&5
configure:7253: $? = 0
configure:7253: result: yes
configure:7267: checking for dlfcn.h
configure:7267: cc -c   conftest.c >&5
configure:7267: $? = 0
configure:7267: result: yes
configure:7451: checking for objdir
configure:7466: result: .libs
configure:7762: checking if cc supports -fno-rtti -fno-exceptions
configure:7780: cc -c   -fno-rtti -fno-exceptions conftest.c >&5
cc1: warning: command line option "-fno-rtti" is valid for C++/ObjC++ but not for C
configure:7784: $? = 0
configure:7797: result: no
configure:7817: checking for cc option to produce PIC
configure:8089: result: -fPIC -DPIC
configure:8101: checking if cc PIC flag -fPIC -DPIC works
configure:8119: cc -c   -fPIC -DPIC -DPIC conftest.c >&5
configure:8123: $? = 0
configure:8136: result: yes
configure:8160: checking if cc static flag -static works
configure:8188: result: yes
configure:8203: checking if cc supports -c -o file.o
configure:8224: cc -c   -o out/conftest2.o conftest.c >&5
configure:8228: $? = 0
configure:8250: result: yes
configure:8258: checking if cc supports -c -o file.o
configure:8305: result: yes
configure:8338: checking whether the cc linker (/usr/bin/ld) supports shared libraries
configure:9329: result: yes
configure:9366: checking whether -lc should be explicitly linked in
configure:9371: cc -c   conftest.c >&5
configure:9374: $? = 0
configure:9389: cc -shared conftest.o  -v -Wl,-soname -Wl,conftest -o conftest 2\>\&1 \| /bin/grep  -lc  \>/dev/null 2\>\&1
configure:9392: $? = 0
configure:9404: result: no
configure:9568: checking dynamic linker characteristics
configure:10001: cc -o conftest    -Wl,-rpath -Wl,/foo conftest.c  >&5
configure:10001: $? = 0
configure:10231: result: GNU/Linux ld.so
configure:10333: checking how to hardcode library paths into programs
configure:10358: result: immediate
configure:10878: checking whether stripping libraries is possible
configure:10883: result: yes
configure:10918: checking if libtool supports shared libraries
configure:10920: result: yes
configure:10923: checking whether to build shared libraries
configure:10944: result: yes
configure:10947: checking whether to build static libraries
configure:10951: result: no
configure:11214: creating ./config.status

## ---------------------- ##
## Running config.status. ##
## ---------------------- ##

This file was extended by config.status, which was
generated by GNU Autoconf 2.67.  Invocation command line was

  CONFIG_FILES    = 
  CONFIG_HEADERS  = 
  CONFIG_LINKS    = 
  CONFIG_COMMANDS = 
  $ ./config.status 

on serveur

config.status:880: creating config.h
config.status:970: config.h is unchanged
config.status:984: executing libtool commands

## ---------------- ##
## Cache variables. ##
## ---------------- ##

ac_cv_build=i686-pc-linux-gnu
ac_cv_c_compiler_gnu=yes
ac_cv_env_CC_set=
ac_cv_env_CC_value=
ac_cv_env_CFLAGS_set=
ac_cv_env_CFLAGS_value=
ac_cv_env_CPPFLAGS_set=
ac_cv_env_CPPFLAGS_value=
ac_cv_env_CPP_set=
ac_cv_env_CPP_value=
ac_cv_env_LDFLAGS_set=
ac_cv_env_LDFLAGS_value=
ac_cv_env_LIBS_set=
ac_cv_env_LIBS_value=
ac_cv_env_build_alias_set=
ac_cv_env_build_alias_value=
ac_cv_env_host_alias_set=
ac_cv_env_host_alias_value=
ac_cv_env_target_alias_set=
ac_cv_env_target_alias_value=
ac_cv_header_dlfcn_h=yes
ac_cv_header_inttypes_h=yes
ac_cv_header_memory_h=yes
ac_cv_header_stdc=yes
ac_cv_header_stdint_h=yes
ac_cv_header_stdlib_h=yes
ac_cv_header_string_h=yes
ac_cv_header_strings_h=yes
ac_cv_header_sys_stat_h=yes
ac_cv_header_sys_types_h=yes
ac_cv_header_unistd_h=yes
ac_cv_host=i686-pc-linux-gnu
ac_cv_lib_dl_dlopen=yes
ac_cv_lib_pthread_pthread_create=yes
ac_cv_objext=o
ac_cv_path_EGREP='/bin/grep -E'
ac_cv_path_FGREP='/bin/grep -F'
ac_cv_path_GREP=/bin/grep
ac_cv_path_PYTHON_CONFIG=/usr/bin/python-config
ac_cv_path_SED=/bin/sed
ac_cv_prog_AWK=nawk
ac_cv_prog_CPP='cc -E'
ac_cv_prog_RE2C=re2c
ac_cv_prog_ac_ct_AR=ar
ac_cv_prog_ac_ct_CC=cc
ac_cv_prog_ac_ct_OBJDUMP=objdump
ac_cv_prog_ac_ct_RANLIB=ranlib
ac_cv_prog_ac_ct_STRIP=strip
ac_cv_prog_cc_c89=
ac_cv_prog_cc_cc_c_o=yes
ac_cv_prog_cc_g=yes
ac_cv_target=i686-pc-linux-gnu
lt_cv_deplibs_check_method=pass_all
lt_cv_file_magic_cmd='$MAGIC_CMD'
lt_cv_file_magic_test_file=
lt_cv_ld_reload_flag=-r
lt_cv_nm_interface='BSD nm'
lt_cv_objdir=.libs
lt_cv_path_LD=/usr/bin/ld
lt_cv_path_NM='/usr/bin/nm -B'
lt_cv_prog_compiler_c_o=yes
lt_cv_prog_compiler_pic_works=yes
lt_cv_prog_compiler_rtti_exceptions=no
lt_cv_prog_compiler_static_works=yes
lt_cv_prog_gnu_ld=yes
lt_cv_sys_global_symbol_pipe='sed -n -e '\''s/^.*[	 ]\([ABCDGIRSTW][ABCDGIRSTW]*\)[	 ][	 ]*\([_A-Za-z][_A-Za-z0-9]*\)$/\1 \2 \2/p'\'''
lt_cv_sys_global_symbol_to_c_name_address='sed -n -e '\''s/^: \([^ ]*\) $/  {\"\1\", (void *) 0},/p'\'' -e '\''s/^[ABCDGIRSTW]* \([^ ]*\) \([^ ]*\)$/  {"\2", (void *) \&\2},/p'\'''
lt_cv_sys_global_symbol_to_c_name_address_lib_prefix='sed -n -e '\''s/^: \([^ ]*\) $/  {\"\1\", (void *) 0},/p'\'' -e '\''s/^[ABCDGIRSTW]* \([^ ]*\) \(lib[^ ]*\)$/  {"\2", (void *) \&\2},/p'\'' -e '\''s/^[ABCDGIRSTW]* \([^ ]*\) \([^ ]*\)$/  {"lib\2", (void *) \&\2},/p'\'''
lt_cv_sys_global_symbol_to_cdecl='sed -n -e '\''s/^T .* \(.*\)$/extern int \1();/p'\'' -e '\''s/^[ABCDGIRSTW]* .* \(.*\)$/extern char \1;/p'\'''
lt_cv_sys_max_cmd_len=1572864
php_cv_cc_dashr=no
php_cv_cc_rpath=yes
php_cv_re2c_version='0.13.5 (ok)'

## ----------------- ##
## Output variables. ##
## ----------------- ##

AR='ar'
AWK='nawk'
CC='cc'
CFLAGS=''
CONFIGURE_COMMAND=' '\''./configure'\'' '
CONFIGURE_OPTIONS=''
CPP='cc -E'
CPPFLAGS=' -DHAVE_CONFIG_H'
DEFS='-DHAVE_CONFIG_H'
DSYMUTIL=''
DUMPBIN=''
ECHO_C=''
ECHO_N='-n'
ECHO_T=''
EGREP='/bin/grep -E'
EXEEXT=''
FGREP='/bin/grep -F'
GREP='/bin/grep'
LD='/usr/bin/ld'
LDFLAGS=''
LIBOBJS=''
LIBS=''
LIBTOOL='$(SHELL) $(top_builddir)/libtool'
LIPO=''
LN_S='ln -s'
LTLIBOBJS=''
NM='/usr/bin/nm -B'
NMEDIT=''
OBJDUMP='objdump'
OBJEXT='o'
OTOOL64=''
OTOOL=''
PACKAGE_BUGREPORT=''
PACKAGE_NAME=''
PACKAGE_STRING=''
PACKAGE_TARNAME=''
PACKAGE_URL=''
PACKAGE_VERSION=''
PATH_SEPARATOR=':'
PYTHON_CONFIG='/usr/bin/python-config'
RANLIB='ranlib'
RE2C='re2c'
SED='/bin/sed'
SHELL='/bin/bash'
SHLIB_DL_SUFFIX_NAME='so'
SHLIB_SUFFIX_NAME='so'
STRIP='strip'
ac_ct_CC='cc'
ac_ct_DUMPBIN=''
bindir='${exec_prefix}/bin'
build='i686-pc-linux-gnu'
build_alias=''
build_cpu='i686'
build_os='linux-gnu'
build_vendor='pc'
datadir='${datarootdir}'
datarootdir='${prefix}/share'
docdir='${datarootdir}/doc/${PACKAGE}'
dvidir='${docdir}'
exec_prefix='$(prefix)'
host='i686-pc-linux-gnu'
host_alias='i686-pc-linux-gnu'
host_cpu='i686'
host_os='linux-gnu'
host_vendor='pc'
htmldir='${docdir}'
includedir='${prefix}/include'
infodir='${datarootdir}/info'
libdir='${exec_prefix}/lib'
libexecdir='${exec_prefix}/libexec'
localedir='${datarootdir}/locale'
localstatedir='${prefix}/var'
lt_ECHO='echo'
mandir='${datarootdir}/man'
oldincludedir='/usr/include'
pdfdir='${docdir}'
prefix='/usr'
program_transform_name='s,x,x,'
psdir='${docdir}'
sbindir='${exec_prefix}/sbin'
sharedstatedir='${prefix}/com'
sysconfdir='${prefix}/etc'
target='i686-pc-linux-gnu'
target_alias=''
target_cpu='i686'
target_os='linux-gnu'
target_vendor='pc'

## ----------- ##
## confdefs.h. ##
## ----------- ##

/* confdefs.h */
#define PACKAGE_NAME ""
#define PACKAGE_TARNAME ""
#define PACKAGE_VERSION ""
#define PACKAGE_STRING ""
#define PACKAGE_BUGREPORT ""
#define PACKAGE_URL ""
#define COMPILE_DL_PYTHON 1
#define STDC_HEADERS 1
#define HAVE_SYS_TYPES_H 1
#define HAVE_SYS_STAT_H 1
#define HAVE_STDLIB_H 1
#define HAVE_STRING_H 1
#define HAVE_MEMORY_H 1
#define HAVE_STRINGS_H 1
#define HAVE_INTTYPES_H 1
#define HAVE_STDINT_H 1
#define HAVE_UNISTD_H 1
#define HAVE_DLFCN_H 1
#define LT_OBJDIR ".libs/"

configure: exit 0
